Setting up watches.  
Watches established.
Setting up watches.  
Watches established.
Setting up watches.  
Watches established.
Setting up watches.  
Watches established.
./hipstafy-wait.sh: line 9: conditional binary operator expected
./hipstafy-wait.sh: line 9: syntax error near `"$action"'
./hipstafy-wait.sh: line 9: `	if [[ "$filename" =~ \.(jpg|jpeg)$ && [ "$action" == "CREATE" || "$action" == "MOVED_TO" ]]]'
Setting up watches.  
Watches established.
Setting up watches.  
Watches established.
Setting up watches.  
Watches established.
Setting up watches.  
Watches established.
./hipstafy-wait.sh: line 14:  9630 Terminated              inotifywait -m $1
      9631                       | while read -r line; do
    filename="$1/"$(echo $line | cut -d' ' -f3); action=$(echo $line | cut -d' ' -f2); if [[ "$filename" =~ \.(jpg|jpeg)$ && "$action" == "CREATE" || "$action" == "MOVED_TO" ]]; then
        echo Hipstafying file $filename; ./hipstafy.sh $filename;
    fi;
done
Setting up watches.  
Watches established.
Setting up watches.  
Watches established.
Setting up watches.  
Watches established.
Setting up watches.  
Watches established.
Setting up watches.  
Watches established.
Setting up watches.  
Watches established.
Setting up watches.  
Watches established.
Setting up watches.  
Watches established.
Setting up watches.  
Watches established.
Setting up watches.  
Watches established.
Setting up watches.  
Watches established.
No files specified to watch!
Setting up watches.  
Watches established.
Setting up watches.  
Watches established.
Setting up watches.  
Watches established.
Setting up watches.  
Watches established.
Setting up watches.  
Watches established.
./hipstafy-wait.sh: line 13: 12197 Terminated              inotifywait -m -e create -e moved_to "$1"
     12198                       | while read -r line; do
    filename="$1/"$(echo $line | cut -d' ' -f3); if [[ "$filename" =~ \.(jpg|jpeg)$ ]]; then
        echo Hipstafying file $filename; ./hipstafy.sh $filename;
    fi;
done
Setting up watches.  
Watches established.
convert: unable to open image `/cs/fs2/home/aale/Desktop/hipstafy-dropbox/hipstafied/giant_robot-hipstah.jpg':  @ error/blob.c/OpenBlob/2587.
./hipstafy-wait.sh: line 13:  9304 Terminated              inotifywait -m -e create -e moved_to "$1"
      9305                       | while read -r line; do
    filename="$1/"$(echo $line | cut -d' ' -f3); if [[ "$filename" =~ \.(jpg|jpeg)$ ]]; then
        echo Hipstafying file $filename; ./hipstafy.sh $filename;
    fi;
done
Setting up watches.  
Watches established.
./hipstafy-wait.sh: line 18:  9520 Terminated              inotifywait -m -e create -e moved_to "$1"
      9521                       | while read -r line; do
    filename="$1/"$(echo $line | cut -d' ' -f3); if [[ "$filename" =~ \.(jpg|jpeg)$ ]]; then
        echo Hipstafying file $filename; ./hipstafy.sh $filename;
    fi;
done
Setting up watches.  
Watches established.
Setting up watches.  
Watches established.
./hipstafy-wait.sh: line 18:  9695 Terminated              inotifywait -m -e create -e moved_to "$1"
      9696                       | while read -r line; do
    filename="$1/"$(echo $line | cut -d' ' -f3); if [[ "$filename" =~ \.(jpg|jpeg)$ ]]; then
        echo Hipstafying file $filename; ./hipstafy.sh $filename;
    fi;
done
./hipstafy-wait.sh: line 18:  9787 Terminated              inotifywait -m -e create -e moved_to "$1"
      9788                       | while read -r line; do
    filename="$1/"$(echo $line | cut -d' ' -f3); if [[ "$filename" =~ \.(jpg|jpeg)$ ]]; then
        echo Hipstafying file $filename; ./hipstafy.sh $filename;
    fi;
done
