Hipstafying file /home/aaro/Desktop/hipstafy-dropbox/013-08-29-211928-hipstah.jpg
debug print from 11088
Hipstafying file /home/aaro/Desktop/hipstafy-dropbox/2013-08-29-211928.jpg
debug print from 11088
debug print from 11088
debug print from 11088
debug print from 11088
debug print from 11088
debug print from 11088
debug print from 11088
debug print from 11088
debug print from 11088
debug print from 11088
debug print from 11088
debug print from 11088
debug print from 11088
debug print from 11088
debug print from 11088
debug print from 11088
debug print from 11088
debug print from 11088
debug print from 11280
debug print from 11280
debug print from 11280
debug print from 11280
debug print from 11280
debug print from 11280
debug print from 11280
debug print from 11280
debug print from 11280
debug print from 11280
debug print from 11280
Hipstafying file /home/aaro/Desktop/hipstafy-dropbox/maksa.jpg
debug print from 11280
debug print from 11280
debug print from 11280
debug print from 11280
debug print from 11280
debug print from 11280
debug print from 11280
debug print from 11280
debug print from 11280
debug print from 11280
debug print from 11280
debug print from 11280
debug print from 11280
debug print from 11280
debug print from 11280
debug print from 11280
Hipstafying file /home/aaro/Desktop/hipstafy-dropbox/maksa.jpg
Hipstafying file /cs/fs2/home/aale/Desktop/hipstafy-dropbox/giant_robot.jpg
Hipstafying file /cs/fs2/home/aale/Desktop/hipstafy-dropbox/giant_robot.jpg
Hipstafying file /cs/fs2/home/aale/Desktop/hipstafy-dropbox/amanwithamission.jpg
Hipstafying file /cs/fs2/home/aale/Desktop/hipstafy-dropbox/Weeping-fig_Ficus-benjamina.jpg
Hipstafying file /cs/fs2/home/aale/Desktop/hipstafy-dropbox/giant_robot.jpg
